#! /usr/local/bin/vvp
:ivl_version "13.0 (devel)" "(s20250103-66-gd67d3323a)";
:ivl_delay_selection "TYPICAL";
:vpi_time_precision + 0;
:vpi_module "/usr/local/lib/ivl/system.vpi";
:vpi_module "/usr/local/lib/ivl/vhdl_sys.vpi";
:vpi_module "/usr/local/lib/ivl/vhdl_textio.vpi";
:vpi_module "/usr/local/lib/ivl/v2005_math.vpi";
:vpi_module "/usr/local/lib/ivl/va_math.vpi";
S_0x622a93f4b5c0 .scope module, "mux_tb" "mux_tb" 2 1;
 .timescale 0 0;
v0x622a93f5cf50_0 .var "I0", 0 0;
v0x622a93f5d010_0 .var "I1", 0 0;
v0x622a93f5d0e0_0 .net "Out", 0 0, L_0x622a93f5d2b0;  1 drivers
v0x622a93f5d1e0_0 .var "Sel", 0 0;
S_0x622a93f4b750 .scope module, "dut" "mux" 2 6, 3 1 0, S_0x622a93f4b5c0;
 .timescale 0 0;
    .port_info 0 /INPUT 1 "I0";
    .port_info 1 /INPUT 1 "I1";
    .port_info 2 /INPUT 1 "Sel";
    .port_info 3 /OUTPUT 1 "Out";
v0x622a93f4b930_0 .net "I0", 0 0, v0x622a93f5cf50_0;  1 drivers
v0x622a93f5cc50_0 .net "I1", 0 0, v0x622a93f5d010_0;  1 drivers
v0x622a93f5cd10_0 .net "Out", 0 0, L_0x622a93f5d2b0;  alias, 1 drivers
v0x622a93f5cde0_0 .net "Sel", 0 0, v0x622a93f5d1e0_0;  1 drivers
L_0x622a93f5d2b0 .functor MUXZ 1, v0x622a93f5cf50_0, v0x622a93f5d010_0, v0x622a93f5d1e0_0, C4<>;
    .scope S_0x622a93f4b5c0;
T_0 ;
    %pushi/vec4 0, 0, 1;
    %store/vec4 v0x622a93f5cf50_0, 0, 1;
    %pushi/vec4 1, 0, 1;
    %store/vec4 v0x622a93f5d010_0, 0, 1;
    %pushi/vec4 0, 0, 1;
    %store/vec4 v0x622a93f5d1e0_0, 0, 1;
    %end;
    .thread T_0;
    .scope S_0x622a93f4b5c0;
T_1 ;
    %delay 50, 0;
    %load/vec4 v0x622a93f5d1e0_0;
    %inv;
    %store/vec4 v0x622a93f5d1e0_0, 0, 1;
    %jmp T_1;
    .thread T_1;
    .scope S_0x622a93f4b5c0;
T_2 ;
    %delay 100, 0;
    %pushi/vec4 1, 0, 1;
    %store/vec4 v0x622a93f5cf50_0, 0, 1;
    %pushi/vec4 0, 0, 1;
    %store/vec4 v0x622a93f5d010_0, 0, 1;
    %delay 300, 0;
    %vpi_call 2 16 "$finish" {0 0 0};
    %end;
    .thread T_2;
    .scope S_0x622a93f4b5c0;
T_3 ;
    %vpi_call 2 21 "$dumpfile", "mux.vcd" {0 0 0};
    %vpi_call 2 22 "$dumpvars", 32'sb00000000000000000000000000000000 {0 0 0};
    %end;
    .thread T_3;
# The file index is used to find the file name in the following table.
:file_names 4;
    "N/A";
    "<interactive>";
    "mux_tb.v";
    "mux.v";
