#! /usr/local/bin/vvp
:ivl_version "13.0 (devel)" "(s20250103-66-gd67d3323a)";
:ivl_delay_selection "TYPICAL";
:vpi_time_precision + 0;
:vpi_module "/usr/local/lib/ivl/system.vpi";
:vpi_module "/usr/local/lib/ivl/vhdl_sys.vpi";
:vpi_module "/usr/local/lib/ivl/vhdl_textio.vpi";
:vpi_module "/usr/local/lib/ivl/v2005_math.vpi";
:vpi_module "/usr/local/lib/ivl/va_math.vpi";
S_0x5580b7073160 .scope module, "Asyn_Syn_tb" "Asyn_Syn_tb" 2 1;
 .timescale 0 0;
v0x5580b70982c0_0 .var "D", 0 0;
v0x5580b7098380_0 .net "Q", 0 0, v0x5580b7097fc0_0;  1 drivers
v0x5580b7098450_0 .var "Syn_rst", 0 0;
v0x5580b7098550_0 .var "clk", 0 0;
S_0x5580b7087380 .scope module, "Syn_reset" "Syn_reset" 2 13, 3 1 0, S_0x5580b7073160;
 .timescale 0 0;
    .port_info 0 /INPUT 1 "clk";
    .port_info 1 /INPUT 1 "Syn_rst";
    .port_info 2 /INPUT 1 "D";
    .port_info 3 /OUTPUT 1 "Q";
v0x5580b7087580_0 .net "D", 0 0, v0x5580b70982c0_0;  1 drivers
v0x5580b7097fc0_0 .var "Q", 0 0;
v0x5580b7098080_0 .net "Syn_rst", 0 0, v0x5580b7098450_0;  1 drivers
v0x5580b7098150_0 .net "clk", 0 0, v0x5580b7098550_0;  1 drivers
E_0x5580b704d660 .event posedge, v0x5580b7098150_0;
    .scope S_0x5580b7087380;
T_0 ;
    %wait E_0x5580b704d660;
    %load/vec4 v0x5580b7098080_0;
    %flag_set/vec4 8;
    %jmp/0xz  T_0.0, 8;
    %pushi/vec4 0, 0, 1;
    %assign/vec4 v0x5580b7097fc0_0, 0;
    %jmp T_0.1;
T_0.0 ;
    %load/vec4 v0x5580b7087580_0;
    %assign/vec4 v0x5580b7097fc0_0, 0;
T_0.1 ;
    %jmp T_0;
    .thread T_0;
    .scope S_0x5580b7073160;
T_1 ;
    %pushi/vec4 0, 0, 1;
    %store/vec4 v0x5580b7098550_0, 0, 1;
    %pushi/vec4 0, 0, 1;
    %store/vec4 v0x5580b70982c0_0, 0, 1;
    %end;
    .thread T_1;
    .scope S_0x5580b7073160;
T_2 ;
    %delay 10, 0;
    %load/vec4 v0x5580b7098550_0;
    %inv;
    %store/vec4 v0x5580b7098550_0, 0, 1;
    %jmp T_2;
    .thread T_2;
    .scope S_0x5580b7073160;
T_3 ;
    %delay 70, 0;
    %load/vec4 v0x5580b70982c0_0;
    %inv;
    %store/vec4 v0x5580b70982c0_0, 0, 1;
    %jmp T_3;
    .thread T_3;
    .scope S_0x5580b7073160;
T_4 ;
    %delay 100, 0;
    %pushi/vec4 1, 0, 1;
    %store/vec4 v0x5580b7098450_0, 0, 1;
    %delay 100, 0;
    %pushi/vec4 0, 0, 1;
    %store/vec4 v0x5580b7098450_0, 0, 1;
    %delay 200, 0;
    %pushi/vec4 1, 0, 1;
    %store/vec4 v0x5580b7098450_0, 0, 1;
    %delay 200, 0;
    %pushi/vec4 0, 0, 1;
    %store/vec4 v0x5580b7098450_0, 0, 1;
    %delay 100, 0;
    %vpi_call 2 24 "$finish" {0 0 0};
    %end;
    .thread T_4;
    .scope S_0x5580b7073160;
T_5 ;
    %vpi_call 2 29 "$dumpfile", "Asyn_rst.vcd" {0 0 0};
    %vpi_call 2 30 "$dumpvars", 32'sb00000000000000000000000000000000 {0 0 0};
    %end;
    .thread T_5;
# The file index is used to find the file name in the following table.
:file_names 4;
    "N/A";
    "<interactive>";
    "Asyn_Syn_tb.v";
    "Syn_reset.v";
