#! /usr/local/bin/vvp
:ivl_version "13.0 (devel)" "(s20250103-66-gd67d3323a)";
:ivl_delay_selection "TYPICAL";
:vpi_time_precision - 12;
:vpi_module "/usr/local/lib/ivl/system.vpi";
:vpi_module "/usr/local/lib/ivl/vhdl_sys.vpi";
:vpi_module "/usr/local/lib/ivl/vhdl_textio.vpi";
:vpi_module "/usr/local/lib/ivl/v2005_math.vpi";
:vpi_module "/usr/local/lib/ivl/va_math.vpi";
S_0x62adc14fb870 .scope module, "tb_incomp_if" "tb_incomp_if" 2 5;
 .timescale -9 -12;
v0x62adc150d6b0_0 .var "i0", 0 0;
v0x62adc150d770_0 .var "i1", 0 0;
v0x62adc150d840_0 .var "i2", 0 0;
v0x62adc150d940_0 .net "y", 0 0, v0x62adc150d540_0;  1 drivers
S_0x62adc14fba00 .scope module, "uut" "incomp_if" 2 12, 3 1 0, S_0x62adc14fb870;
 .timescale 0 0;
    .port_info 0 /INPUT 1 "i0";
    .port_info 1 /INPUT 1 "i1";
    .port_info 2 /INPUT 1 "i2";
    .port_info 3 /OUTPUT 1 "y";
v0x62adc14fbc00_0 .net "i0", 0 0, v0x62adc150d6b0_0;  1 drivers
v0x62adc150d3b0_0 .net "i1", 0 0, v0x62adc150d770_0;  1 drivers
v0x62adc150d470_0 .net "i2", 0 0, v0x62adc150d840_0;  1 drivers
v0x62adc150d540_0 .var "y", 0 0;
E_0x62adc14c35e0 .event anyedge, v0x62adc14fbc00_0, v0x62adc150d3b0_0;
    .scope S_0x62adc14fba00;
T_0 ;
    %wait E_0x62adc14c35e0;
    %load/vec4 v0x62adc14fbc00_0;
    %flag_set/vec4 8;
    %jmp/0xz  T_0.0, 8;
    %load/vec4 v0x62adc150d3b0_0;
    %assign/vec4 v0x62adc150d540_0, 0;
T_0.0 ;
    %jmp T_0;
    .thread T_0, $push;
    .scope S_0x62adc14fb870;
T_1 ;
    %vpi_call 2 20 "$dumpfile", "tb_incomp_if.vcd" {0 0 0};
    %vpi_call 2 21 "$dumpvars", 32'sb00000000000000000000000000000000, S_0x62adc14fb870 {0 0 0};
    %pushi/vec4 0, 0, 1;
    %store/vec4 v0x62adc150d6b0_0, 0, 1;
    %pushi/vec4 0, 0, 1;
    %store/vec4 v0x62adc150d770_0, 0, 1;
    %pushi/vec4 0, 0, 1;
    %store/vec4 v0x62adc150d840_0, 0, 1;
    %delay 3000000, 0;
    %vpi_call 2 27 "$finish" {0 0 0};
    %end;
    .thread T_1;
    .scope S_0x62adc14fb870;
T_2 ;
    %delay 317000, 0;
    %load/vec4 v0x62adc150d6b0_0;
    %inv;
    %store/vec4 v0x62adc150d6b0_0, 0, 1;
    %jmp T_2;
    .thread T_2;
    .scope S_0x62adc14fb870;
T_3 ;
    %delay 37000, 0;
    %load/vec4 v0x62adc150d770_0;
    %inv;
    %store/vec4 v0x62adc150d770_0, 0, 1;
    %jmp T_3;
    .thread T_3;
    .scope S_0x62adc14fb870;
T_4 ;
    %delay 57000, 0;
    %load/vec4 v0x62adc150d840_0;
    %inv;
    %store/vec4 v0x62adc150d840_0, 0, 1;
    %jmp T_4;
    .thread T_4;
# The file index is used to find the file name in the following table.
:file_names 4;
    "N/A";
    "<interactive>";
    "tb_incomp_if.v";
    "incomp_if.v";
